[12:53:31/Info]:    _____  _                    _   _____              _                   
[12:53:31/Info]:   / ____|| |                  | | / ____|            | |                  
[12:53:31/Info]:  | |     | |  ___   _   _   __| || (___   _   _  ___ | |_  ___  _ __ ___  
[12:53:31/Info]:  | |     | | / _ \ | | | | / _` | \___ \ | | | |/ __|| __|/ _ \| '_ ` _ \ 
[12:53:31/Info]:  | |____ | || (_) || |_| || (_| | ____) || |_| |\__ \| |_|  __/| | | | | |
[12:53:31/Info]:   \_____||_| \___/  \__,_| \__,_||_____/  \__, ||___/ \__|\___||_| |_| |_|
[12:53:31/Info]:                                            __/ |                          
[12:53:31/Info]:                                           |___/                           
[12:53:31/Info]: [WRAPPER] Version: 1.0.0-BETA
[12:53:31/Info]: 
[12:53:31/Info]: 
[12:53:31/Info]: Could not connect to MasterServer! Check if MasterServer is online under IP-Address <127.0.0.1>
[12:53:31/Info]: Retrying in 5 seconds...
[12:53:36/Info]: Rebooting!!!
[12:53:38/Info]: Deleted [tmp] directory!
[12:53:38/Info]:    _____  _                    _   _____              _                   
[12:53:38/Info]:   / ____|| |                  | | / ____|            | |                  
[12:53:38/Info]:  | |     | |  ___   _   _   __| || (___   _   _  ___ | |_  ___  _ __ ___  
[12:53:38/Info]:  | |     | | / _ \ | | | | / _` | \___ \ | | | |/ __|| __|/ _ \| '_ ` _ \ 
[12:53:38/Info]:  | |____ | || (_) || |_| || (_| | ____) || |_| |\__ \| |_|  __/| | | | | |
[12:53:38/Info]:   \_____||_| \___/  \__,_| \__,_||_____/  \__, ||___/ \__|\___||_| |_| |_|
[12:53:38/Info]:                                            __/ |                          
[12:53:38/Info]:                                           |___/                           
[12:53:38/Info]: [WRAPPER] Version: 1.0.0-BETA
[12:53:38/Info]: 
[12:53:38/Info]: 
[12:53:38/Info]: Could not connect to MasterServer! Check if MasterServer is online under IP-Address <127.0.0.1>
[12:53:38/Info]: Retrying in 5 seconds...
[12:53:43/Info]: Rebooting!!!
[12:53:44/Info]: Deleted [tmp] directory!
[12:53:44/Info]:    _____  _                    _   _____              _                   
[12:53:44/Info]:   / ____|| |                  | | / ____|            | |                  
[12:53:44/Info]:  | |     | |  ___   _   _   __| || (___   _   _  ___ | |_  ___  _ __ ___  
[12:53:44/Info]:  | |     | | / _ \ | | | | / _` | \___ \ | | | |/ __|| __|/ _ \| '_ ` _ \ 
[12:53:44/Info]:  | |____ | || (_) || |_| || (_| | ____) || |_| |\__ \| |_|  __/| | | | | |
[12:53:44/Info]:   \_____||_| \___/  \__,_| \__,_||_____/  \__, ||___/ \__|\___||_| |_| |_|
[12:53:44/Info]:                                            __/ |                          
[12:53:44/Info]:                                           |___/                           
[12:53:44/Info]: [WRAPPER] Version: 1.0.0-BETA
[12:53:44/Info]: 
[12:53:44/Info]: 
[12:53:44/Info]: Could not connect to MasterServer! Check if MasterServer is online under IP-Address <127.0.0.1>
[12:53:44/Info]: Retrying in 5 seconds...
[12:53:49/Info]: Rebooting!!!
[12:53:51/Info]: Deleted [tmp] directory!
[12:53:51/Info]:    _____  _                    _   _____              _                   
[12:53:51/Info]:   / ____|| |                  | | / ____|            | |                  
[12:53:51/Info]:  | |     | |  ___   _   _   __| || (___   _   _  ___ | |_  ___  _ __ ___  
[12:53:51/Info]:  | |     | | / _ \ | | | | / _` | \___ \ | | | |/ __|| __|/ _ \| '_ ` _ \ 
[12:53:51/Info]:  | |____ | || (_) || |_| || (_| | ____) || |_| |\__ \| |_|  __/| | | | | |
[12:53:51/Info]:   \_____||_| \___/  \__,_| \__,_||_____/  \__, ||___/ \__|\___||_| |_| |_|
[12:53:51/Info]:                                            __/ |                          
[12:53:51/Info]:                                           |___/                           
[12:53:51/Info]: [WRAPPER] Version: 1.0.0-BETA
[12:53:51/Info]: 
[12:53:51/Info]: 
[12:53:51/Info]: Could not connect to MasterServer! Check if MasterServer is online under IP-Address <127.0.0.1>
[12:53:51/Info]: Retrying in 5 seconds...
[12:53:56/Info]: Rebooting!!!
[12:53:57/Info]: Deleted [tmp] directory!
[12:53:57/Info]:    _____  _                    _   _____              _                   
[12:53:57/Info]:   / ____|| |                  | | / ____|            | |                  
[12:53:57/Info]:  | |     | |  ___   _   _   __| || (___   _   _  ___ | |_  ___  _ __ ___  
[12:53:57/Info]:  | |     | | / _ \ | | | | / _` | \___ \ | | | |/ __|| __|/ _ \| '_ ` _ \ 
[12:53:57/Info]:  | |____ | || (_) || |_| || (_| | ____) || |_| |\__ \| |_|  __/| | | | | |
[12:53:57/Info]:   \_____||_| \___/  \__,_| \__,_||_____/  \__, ||___/ \__|\___||_| |_| |_|
[12:53:57/Info]:                                            __/ |                          
[12:53:57/Info]:                                           |___/                           
[12:53:57/Info]: [WRAPPER] Version: 1.0.0-BETA
[12:53:57/Info]: 
[12:53:57/Info]: 
[12:53:57/Info]: MasterServer disconnected! Rebooting...
[12:53:58/Info]: Deleted [tmp] directory!
[12:53:58/Info]:    _____  _                    _   _____              _                   
[12:53:58/Info]:   / ____|| |                  | | / ____|            | |                  
[12:53:58/Info]:  | |     | |  ___   _   _   __| || (___   _   _  ___ | |_  ___  _ __ ___  
[12:53:58/Info]:  | |     | | / _ \ | | | | / _` | \___ \ | | | |/ __|| __|/ _ \| '_ ` _ \ 
[12:53:58/Info]:  | |____ | || (_) || |_| || (_| | ____) || |_| |\__ \| |_|  __/| | | | | |
[12:53:58/Info]:   \_____||_| \___/  \__,_| \__,_||_____/  \__, ||___/ \__|\___||_| |_| |_|
[12:53:58/Info]:                                            __/ |                          
[12:53:58/Info]:                                           |___/                           
[12:53:58/Info]: [WRAPPER] Version: 1.0.0-BETA
[12:53:58/Info]: 
[12:53:58/Info]: 
[12:53:58/Info]: MasterServer disconnected! Rebooting...
[12:53:59/Info]: Deleted [tmp] directory!
[12:53:59/Info]:    _____  _                    _   _____              _                   
[12:53:59/Info]:   / ____|| |                  | | / ____|            | |                  
[12:53:59/Info]:  | |     | |  ___   _   _   __| || (___   _   _  ___ | |_  ___  _ __ ___  
[12:53:59/Info]:  | |     | | / _ \ | | | | / _` | \___ \ | | | |/ __|| __|/ _ \| '_ ` _ \ 
[12:53:59/Info]:  | |____ | || (_) || |_| || (_| | ____) || |_| |\__ \| |_|  __/| | | | | |
[12:53:59/Info]:   \_____||_| \___/  \__,_| \__,_||_____/  \__, ||___/ \__|\___||_| |_| |_|
[12:53:59/Info]:                                            __/ |                          
[12:53:59/Info]:                                           |___/                           
[12:53:59/Info]: [WRAPPER] Version: 1.0.0-BETA
[12:53:59/Info]: 
[12:53:59/Info]: 
[12:53:59/Info]: MasterServer disconnected! Rebooting...
[12:54:00/Info]: Deleted [tmp] directory!
[12:54:00/Info]:    _____  _                    _   _____              _                   
[12:54:00/Info]:   / ____|| |                  | | / ____|            | |                  
[12:54:00/Info]:  | |     | |  ___   _   _   __| || (___   _   _  ___ | |_  ___  _ __ ___  
[12:54:00/Info]:  | |     | | / _ \ | | | | / _` | \___ \ | | | |/ __|| __|/ _ \| '_ ` _ \ 
[12:54:00/Info]:  | |____ | || (_) || |_| || (_| | ____) || |_| |\__ \| |_|  __/| | | | | |
[12:54:00/Info]:   \_____||_| \___/  \__,_| \__,_||_____/  \__, ||___/ \__|\___||_| |_| |_|
[12:54:00/Info]:                                            __/ |                          
[12:54:00/Info]:                                           |___/                           
[12:54:00/Info]: [WRAPPER] Version: 1.0.0-BETA
[12:54:00/Info]: 
[12:54:00/Info]: 
[12:54:00/Info]: MasterServer disconnected! Rebooting...
[12:54:01/Info]: Deleted [tmp] directory!
[12:54:01/Info]:    _____  _                    _   _____              _                   
[12:54:01/Info]:   / ____|| |                  | | / ____|            | |                  
[12:54:01/Info]:  | |     | |  ___   _   _   __| || (___   _   _  ___ | |_  ___  _ __ ___  
[12:54:01/Info]:  | |     | | / _ \ | | | | / _` | \___ \ | | | |/ __|| __|/ _ \| '_ ` _ \ 
[12:54:01/Info]:  | |____ | || (_) || |_| || (_| | ____) || |_| |\__ \| |_|  __/| | | | | |
[12:54:01/Info]:   \_____||_| \___/  \__,_| \__,_||_____/  \__, ||___/ \__|\___||_| |_| |_|
[12:54:01/Info]:                                            __/ |                          
[12:54:01/Info]:                                           |___/                           
[12:54:01/Info]: [WRAPPER] Version: 1.0.0-BETA
[12:54:01/Info]: 
[12:54:01/Info]: 
[12:54:01/Info]: MasterServer disconnected! Rebooting...
[12:54:02/Info]: Deleted [tmp] directory!
[12:54:02/Info]:    _____  _                    _   _____              _                   
[12:54:02/Info]:   / ____|| |                  | | / ____|            | |                  
[12:54:02/Info]:  | |     | |  ___   _   _   __| || (___   _   _  ___ | |_  ___  _ __ ___  
[12:54:02/Info]:  | |     | | / _ \ | | | | / _` | \___ \ | | | |/ __|| __|/ _ \| '_ ` _ \ 
[12:54:02/Info]:  | |____ | || (_) || |_| || (_| | ____) || |_| |\__ \| |_|  __/| | | | | |
[12:54:02/Info]:   \_____||_| \___/  \__,_| \__,_||_____/  \__, ||___/ \__|\___||_| |_| |_|
[12:54:02/Info]:                                            __/ |                          
[12:54:02/Info]:                                           |___/                           
[12:54:02/Info]: [WRAPPER] Version: 1.0.0-BETA
[12:54:02/Info]: 
[12:54:02/Info]: 
[12:54:02/Info]: MasterServer disconnected! Rebooting...
[12:54:03/Info]: Deleted [tmp] directory!
[12:54:03/Info]:    _____  _                    _   _____              _                   
[12:54:03/Info]:   / ____|| |                  | | / ____|            | |                  
[12:54:03/Info]:  | |     | |  ___   _   _   __| || (___   _   _  ___ | |_  ___  _ __ ___  
[12:54:03/Info]:  | |     | | / _ \ | | | | / _` | \___ \ | | | |/ __|| __|/ _ \| '_ ` _ \ 
[12:54:03/Info]:  | |____ | || (_) || |_| || (_| | ____) || |_| |\__ \| |_|  __/| | | | | |
[12:54:03/Info]:   \_____||_| \___/  \__,_| \__,_||_____/  \__, ||___/ \__|\___||_| |_| |_|
[12:54:03/Info]:                                            __/ |                          
[12:54:04/Info]:                                           |___/                           
[12:54:04/Info]: [WRAPPER] Version: 1.0.0-BETA
[12:54:04/Info]: 
[12:54:04/Info]: 
[12:54:04/Info]: MasterServer disconnected! Rebooting...
[12:54:05/Info]: Deleted [tmp] directory!
[12:54:05/Info]:    _____  _                    _   _____              _                   
[12:54:05/Info]:   / ____|| |                  | | / ____|            | |                  
[12:54:05/Info]:  | |     | |  ___   _   _   __| || (___   _   _  ___ | |_  ___  _ __ ___  
[12:54:05/Info]:  | |     | | / _ \ | | | | / _` | \___ \ | | | |/ __|| __|/ _ \| '_ ` _ \ 
[12:54:05/Info]:  | |____ | || (_) || |_| || (_| | ____) || |_| |\__ \| |_|  __/| | | | | |
[12:54:05/Info]:   \_____||_| \___/  \__,_| \__,_||_____/  \__, ||___/ \__|\___||_| |_| |_|
[12:54:05/Info]:                                            __/ |                          
[12:54:05/Info]:                                           |___/                           
[12:54:05/Info]: [WRAPPER] Version: 1.0.0-BETA
[12:54:05/Info]: 
[12:54:05/Info]: 
[12:54:05/Info]: MasterServer disconnected! Rebooting...
[12:54:06/Info]: Deleted [tmp] directory!
[12:54:06/Info]:    _____  _                    _   _____              _                   
[12:54:06/Info]:   / ____|| |                  | | / ____|            | |                  
[12:54:06/Info]:  | |     | |  ___   _   _   __| || (___   _   _  ___ | |_  ___  _ __ ___  
[12:54:06/Info]:  | |     | | / _ \ | | | | / _` | \___ \ | | | |/ __|| __|/ _ \| '_ ` _ \ 
[12:54:06/Info]:  | |____ | || (_) || |_| || (_| | ____) || |_| |\__ \| |_|  __/| | | | | |
[12:54:06/Info]:   \_____||_| \___/  \__,_| \__,_||_____/  \__, ||___/ \__|\___||_| |_| |_|
[12:54:06/Info]:                                            __/ |                          
[12:54:06/Info]:                                           |___/                           
[12:54:06/Info]: [WRAPPER] Version: 1.0.0-BETA
[12:54:06/Info]: 
[12:54:06/Info]: 
[12:54:06/Info]: MasterServer disconnected! Rebooting...
[12:54:52/Info]:    _____  _                    _   _____              _                   
[12:54:52/Info]:   / ____|| |                  | | / ____|            | |                  
[12:54:52/Info]:  | |     | |  ___   _   _   __| || (___   _   _  ___ | |_  ___  _ __ ___  
[12:54:52/Info]:  | |     | | / _ \ | | | | / _` | \___ \ | | | |/ __|| __|/ _ \| '_ ` _ \ 
[12:54:52/Info]:  | |____ | || (_) || |_| || (_| | ____) || |_| |\__ \| |_|  __/| | | | | |
[12:54:52/Info]:   \_____||_| \___/  \__,_| \__,_||_____/  \__, ||___/ \__|\___||_| |_| |_|
[12:54:52/Info]:                                            __/ |                          
[12:54:52/Info]:                                           |___/                           
[12:54:52/Info]: [WRAPPER] Version: 1.0.0-BETA
[12:54:52/Info]: 
[12:54:52/Info]: 
[13:16:09/Info]: Deleted [tmp] directory!
[13:16:09/Info]:    _____  _                    _   _____              _                   
[13:16:09/Info]:   / ____|| |                  | | / ____|            | |                  
[13:16:09/Info]:  | |     | |  ___   _   _   __| || (___   _   _  ___ | |_  ___  _ __ ___  
[13:16:09/Info]:  | |     | | / _ \ | | | | / _` | \___ \ | | | |/ __|| __|/ _ \| '_ ` _ \ 
[13:16:09/Info]:  | |____ | || (_) || |_| || (_| | ____) || |_| |\__ \| |_|  __/| | | | | |
[13:16:09/Info]:   \_____||_| \___/  \__,_| \__,_||_____/  \__, ||___/ \__|\___||_| |_| |_|
[13:16:09/Info]:                                            __/ |                          
[13:16:09/Info]:                                           |___/                           
[13:16:09/Info]: [WRAPPER] Version: 1.0.0-BETA
[13:16:09/Info]: 
[13:16:09/Info]: 
[13:18:58/Info]: Deleted [tmp] directory!
[13:18:58/Info]:    _____  _                    _   _____              _                   
[13:18:58/Info]:   / ____|| |                  | | / ____|            | |                  
[13:18:58/Info]:  | |     | |  ___   _   _   __| || (___   _   _  ___ | |_  ___  _ __ ___  
[13:18:58/Info]:  | |     | | / _ \ | | | | / _` | \___ \ | | | |/ __|| __|/ _ \| '_ ` _ \ 
[13:18:58/Info]:  | |____ | || (_) || |_| || (_| | ____) || |_| |\__ \| |_|  __/| | | | | |
[13:18:58/Info]:   \_____||_| \___/  \__,_| \__,_||_____/  \__, ||___/ \__|\___||_| |_| |_|
[13:18:58/Info]:                                            __/ |                          
[13:18:58/Info]:                                           |___/                           
[13:18:58/Info]: [WRAPPER] Version: 1.0.0-BETA
[13:18:58/Info]: 
[13:18:58/Info]: 
[13:19:21/Info]: MasterServer disconnected! Rebooting...
[13:19:22/Info]: Deleted [tmp] directory!
[13:19:22/Info]:    _____  _                    _   _____              _                   
[13:19:22/Info]:   / ____|| |                  | | / ____|            | |                  
[13:19:22/Info]:  | |     | |  ___   _   _   __| || (___   _   _  ___ | |_  ___  _ __ ___  
[13:19:22/Info]:  | |     | | / _ \ | | | | / _` | \___ \ | | | |/ __|| __|/ _ \| '_ ` _ \ 
[13:19:22/Info]:  | |____ | || (_) || |_| || (_| | ____) || |_| |\__ \| |_|  __/| | | | | |
[13:19:22/Info]:   \_____||_| \___/  \__,_| \__,_||_____/  \__, ||___/ \__|\___||_| |_| |_|
[13:19:22/Info]:                                            __/ |                          
[13:19:22/Info]:                                           |___/                           
[13:19:22/Info]: [WRAPPER] Version: 1.0.0-BETA
[13:19:22/Info]: 
[13:19:22/Info]: 
[13:19:22/Info]: Could not connect to MasterServer! Check if MasterServer is online under IP-Address <127.0.0.1>
[13:19:22/Info]: Retrying in 5 seconds...
[13:19:27/Info]: Rebooting!!!
[13:19:29/Info]: Deleted [tmp] directory!
[13:19:29/Info]:    _____  _                    _   _____              _                   
[13:19:29/Info]:   / ____|| |                  | | / ____|            | |                  
[13:19:29/Info]:  | |     | |  ___   _   _   __| || (___   _   _  ___ | |_  ___  _ __ ___  
[13:19:29/Info]:  | |     | | / _ \ | | | | / _` | \___ \ | | | |/ __|| __|/ _ \| '_ ` _ \ 
[13:19:29/Info]:  | |____ | || (_) || |_| || (_| | ____) || |_| |\__ \| |_|  __/| | | | | |
[13:19:29/Info]:   \_____||_| \___/  \__,_| \__,_||_____/  \__, ||___/ \__|\___||_| |_| |_|
[13:19:29/Info]:                                            __/ |                          
[13:19:29/Info]:                                           |___/                           
[13:19:29/Info]: [WRAPPER] Version: 1.0.0-BETA
[13:19:29/Info]: 
[13:19:29/Info]: 
[13:19:29/Info]: Could not connect to MasterServer! Check if MasterServer is online under IP-Address <127.0.0.1>
[13:19:29/Info]: Retrying in 5 seconds...
[13:19:34/Info]: Rebooting!!!
[13:19:35/Info]: Deleted [tmp] directory!
[13:19:35/Info]:    _____  _                    _   _____              _                   
[13:19:35/Info]:   / ____|| |                  | | / ____|            | |                  
[13:19:35/Info]:  | |     | |  ___   _   _   __| || (___   _   _  ___ | |_  ___  _ __ ___  
[13:19:35/Info]:  | |     | | / _ \ | | | | / _` | \___ \ | | | |/ __|| __|/ _ \| '_ ` _ \ 
[13:19:35/Info]:  | |____ | || (_) || |_| || (_| | ____) || |_| |\__ \| |_|  __/| | | | | |
[13:19:35/Info]:   \_____||_| \___/  \__,_| \__,_||_____/  \__, ||___/ \__|\___||_| |_| |_|
[13:19:35/Info]:                                            __/ |                          
[13:19:35/Info]:                                           |___/                           
[13:19:35/Info]: [WRAPPER] Version: 1.0.0-BETA
[13:19:35/Info]: 
[13:19:35/Info]: 
[13:19:35/Info]: Could not connect to MasterServer! Check if MasterServer is online under IP-Address <127.0.0.1>
[13:19:35/Info]: Retrying in 5 seconds...
[13:19:40/Info]: Rebooting!!!
[13:19:42/Info]: Deleted [tmp] directory!
[13:19:42/Info]:    _____  _                    _   _____              _                   
[13:19:42/Info]:   / ____|| |                  | | / ____|            | |                  
[13:19:42/Info]:  | |     | |  ___   _   _   __| || (___   _   _  ___ | |_  ___  _ __ ___  
[13:19:42/Info]:  | |     | | / _ \ | | | | / _` | \___ \ | | | |/ __|| __|/ _ \| '_ ` _ \ 
[13:19:42/Info]:  | |____ | || (_) || |_| || (_| | ____) || |_| |\__ \| |_|  __/| | | | | |
[13:19:42/Info]:   \_____||_| \___/  \__,_| \__,_||_____/  \__, ||___/ \__|\___||_| |_| |_|
[13:19:42/Info]:                                            __/ |                          
[13:19:42/Info]:                                           |___/                           
[13:19:42/Info]: [WRAPPER] Version: 1.0.0-BETA
[13:19:42/Info]: 
[13:19:42/Info]: 
[13:20:31/Info]: MasterServer disconnected! Rebooting...
[13:20:32/Info]: Deleted [tmp] directory!
[13:20:32/Info]:    _____  _                    _   _____              _                   
[13:20:32/Info]:   / ____|| |                  | | / ____|            | |                  
[13:20:32/Info]:  | |     | |  ___   _   _   __| || (___   _   _  ___ | |_  ___  _ __ ___  
[13:20:32/Info]:  | |     | | / _ \ | | | | / _` | \___ \ | | | |/ __|| __|/ _ \| '_ ` _ \ 
[13:20:32/Info]:  | |____ | || (_) || |_| || (_| | ____) || |_| |\__ \| |_|  __/| | | | | |
[13:20:32/Info]:   \_____||_| \___/  \__,_| \__,_||_____/  \__, ||___/ \__|\___||_| |_| |_|
[13:20:32/Info]:                                            __/ |                          
[13:20:32/Info]:                                           |___/                           
[13:20:32/Info]: [WRAPPER] Version: 1.0.0-BETA
[13:20:32/Info]: 
[13:20:32/Info]: 
[13:20:32/Info]: Could not connect to MasterServer! Check if MasterServer is online under IP-Address <127.0.0.1>
[13:20:32/Info]: Retrying in 5 seconds...
[13:20:37/Info]: Rebooting!!!
[13:20:38/Info]: Deleted [tmp] directory!
[13:20:38/Info]:    _____  _                    _   _____              _                   
[13:20:38/Info]:   / ____|| |                  | | / ____|            | |                  
[13:20:38/Info]:  | |     | |  ___   _   _   __| || (___   _   _  ___ | |_  ___  _ __ ___  
[13:20:38/Info]:  | |     | | / _ \ | | | | / _` | \___ \ | | | |/ __|| __|/ _ \| '_ ` _ \ 
[13:20:38/Info]:  | |____ | || (_) || |_| || (_| | ____) || |_| |\__ \| |_|  __/| | | | | |
[13:20:38/Info]:   \_____||_| \___/  \__,_| \__,_||_____/  \__, ||___/ \__|\___||_| |_| |_|
[13:20:38/Info]:                                            __/ |                          
[13:20:38/Info]:                                           |___/                           
[13:20:38/Info]: [WRAPPER] Version: 1.0.0-BETA
[13:20:38/Info]: 
[13:20:38/Info]: 
[13:20:38/Info]: LOBBY;LOBBY#1;RANDOM_Xau87 [Command: createServer]
[13:20:39/Info]: Starting Server
[13:20:39/Info]: Started Server
[13:20:39/Info]:  [Command: sendLoad]
[13:20:43/Info]: BEDWARS;BEDWARS#1;RANDOM_Xau87 [Command: createServer]
[13:20:44/Info]: Starting Server
[13:20:44/Info]: Started Server
[13:20:44/Info]:  [Command: sendLoad]
[13:20:47/Info]: Check running [LOBBY#1] > ALIVE!
[13:20:47/Info]: Server crashed because mysql connection does not work!
[13:20:52/Info]: Check running [BEDWARS#1] > ALIVE!
[13:20:52/Info]: Server crashed because mysql connection does not work!
